<?xml version='1.0' encoding='UTF-8' ?>
<testsuite name="com.example.lunchtray.OrderFunctionalityTests" tests="10" failures="0" errors="0" skipped="0" time="33.056" timestamp="2022-08-27T01:35:55" hostname="localhost">
  <properties>
    <property name="device" value="Sam(AVD) - 11" />
    <property name="flavor" value="" />
    <property name="project" value=":app" />
  </properties>
  <testcase name="radio_buttons_update_side_menu_subtotal" classname="com.example.lunchtray.OrderFunctionalityTests" time="2.188" />
  <testcase name="order_reset_after_cancel_from_accompaniment_menu" classname="com.example.lunchtray.OrderFunctionalityTests" time="3.44" />
  <testcase name="subtotal_updates_in_full_order_flow" classname="com.example.lunchtray.OrderFunctionalityTests" time="2.679" />
  <testcase name="order_snackbar" classname="com.example.lunchtray.OrderFunctionalityTests" time="3.037" />
  <testcase name="order_reset_after_cancel_from_entree_menu" classname="com.example.lunchtray.OrderFunctionalityTests" time="1.605" />
  <testcase name="subtotal_tax_total_in_checkout" classname="com.example.lunchtray.OrderFunctionalityTests" time="2.556" />
  <testcase name="radio_buttons_update_accompaniment_menu_subtotal" classname="com.example.lunchtray.OrderFunctionalityTests" time="1.174" />
  <testcase name="order_reset_after_cancel_from_side_menu" classname="com.example.lunchtray.OrderFunctionalityTests" time="2.168" />
  <testcase name="radio_buttons_update_entree_menu_subtotal" classname="com.example.lunchtray.OrderFunctionalityTests" time="1.371" />
  <testcase name="order_reset_after_cancel_from_checkout" classname="com.example.lunchtray.OrderFunctionalityTests" time="3.202" />
</testsuite>